[debug] [2021-01-30T06:52:01.505Z] ----------------------------------------------------------------------
[debug] [2021-01-30T06:52:01.507Z] Command:       /home/subhadip/.nvm/versions/node/v15.4.0/bin/node /home/subhadip/.nvm/versions/node/v15.4.0/bin/firebase deploy
[debug] [2021-01-30T06:52:01.507Z] CLI Version:   9.2.2
[debug] [2021-01-30T06:52:01.507Z] Platform:      linux
[debug] [2021-01-30T06:52:01.507Z] Node Version:  v15.4.0
[debug] [2021-01-30T06:52:01.522Z] Time:          Sat Jan 30 2021 12:22:01 GMT+0530 (India Standard Time)
[debug] [2021-01-30T06:52:01.522Z] ----------------------------------------------------------------------
[debug] [2021-01-30T06:52:01.522Z] 
[debug] [2021-01-30T06:52:01.556Z] > command requires scopes: ["email","openid","https://www.googleapis.com/auth/cloudplatformprojects.readonly","https://www.googleapis.com/auth/firebase","https://www.googleapis.com/auth/cloud-platform"]
[debug] [2021-01-30T06:52:01.556Z] > authorizing via signed-in user
[debug] [2021-01-30T06:52:01.556Z] [iam] checking project clone-d498a for permissions ["firebase.projects.get","firebasedatabase.instances.update","firebasehosting.sites.update"]
[debug] [2021-01-30T06:52:01.562Z] > refreshing access token with scopes: ["email","https://www.googleapis.com/auth/cloud-platform","https://www.googleapis.com/auth/cloudplatformprojects.readonly","https://www.googleapis.com/auth/firebase","openid"]
[debug] [2021-01-30T06:52:01.562Z] >>> HTTP REQUEST POST https://www.googleapis.com/oauth2/v3/token  
 <request body omitted>
[debug] [2021-01-30T06:52:02.475Z] <<< HTTP RESPONSE 200 {"pragma":"no-cache","cache-control":"no-cache, no-store, max-age=0, must-revalidate","expires":"Mon, 01 Jan 1990 00:00:00 GMT","date":"Sat, 30 Jan 2021 06:52:01 GMT","content-type":"application/json; charset=utf-8","vary":"X-Origin, Referer, Origin,Accept-Encoding","server":"scaffolding on HTTPServer2","x-xss-protection":"0","x-frame-options":"SAMEORIGIN","x-content-type-options":"nosniff","alt-svc":"h3-29=\":443\"; ma=2592000,h3-T051=\":443\"; ma=2592000,h3-Q050=\":443\"; ma=2592000,h3-Q046=\":443\"; ma=2592000,h3-Q043=\":443\"; ma=2592000,quic=\":443\"; ma=2592000; v=\"46,43\"","accept-ranges":"none","transfer-encoding":"chunked"}
[debug] [2021-01-30T06:52:02.481Z] >>> HTTP REQUEST POST https://cloudresourcemanager.googleapis.com/v1/projects/clone-d498a:testIamPermissions  
 {"permissions":["firebase.projects.get","firebasedatabase.instances.update","firebasehosting.sites.update"]}
[debug] [2021-01-30T06:52:04.541Z] <<< HTTP RESPONSE 200 {"content-type":"application/json; charset=UTF-8","vary":"X-Origin, Referer, Origin,Accept-Encoding","date":"Sat, 30 Jan 2021 06:52:03 GMT","server":"ESF","cache-control":"private","x-xss-protection":"0","x-frame-options":"SAMEORIGIN","x-content-type-options":"nosniff","server-timing":"gfet4t7; dur=1270","alt-svc":"h3-29=\":443\"; ma=2592000,h3-T051=\":443\"; ma=2592000,h3-Q050=\":443\"; ma=2592000,h3-Q046=\":443\"; ma=2592000,h3-Q043=\":443\"; ma=2592000,quic=\":443\"; ma=2592000; v=\"46,43\"","accept-ranges":"none","transfer-encoding":"chunked"}
[debug] [2021-01-30T06:52:04.543Z] > refreshing access token with scopes: []
[debug] [2021-01-30T06:52:04.543Z] >>> HTTP REQUEST POST https://www.googleapis.com/oauth2/v3/token  
 <request body omitted>
[debug] [2021-01-30T06:52:05.157Z] <<< HTTP RESPONSE 200 {"pragma":"no-cache","expires":"Mon, 01 Jan 1990 00:00:00 GMT","date":"Sat, 30 Jan 2021 06:52:04 GMT","cache-control":"no-cache, no-store, max-age=0, must-revalidate","content-type":"application/json; charset=utf-8","vary":"X-Origin, Referer, Origin,Accept-Encoding","server":"scaffolding on HTTPServer2","x-xss-protection":"0","x-frame-options":"SAMEORIGIN","x-content-type-options":"nosniff","alt-svc":"h3-29=\":443\"; ma=2592000,h3-T051=\":443\"; ma=2592000,h3-Q050=\":443\"; ma=2592000,h3-Q046=\":443\"; ma=2592000,h3-Q043=\":443\"; ma=2592000,quic=\":443\"; ma=2592000; v=\"46,43\"","accept-ranges":"none","transfer-encoding":"chunked"}
[debug] [2021-01-30T06:52:05.169Z] >>> [apiv2][query] GET https://firebase.googleapis.com/v1beta1/projects/clone-d498a [none]
[debug] [2021-01-30T06:52:05.968Z] <<< [apiv2][status] GET https://firebase.googleapis.com/v1beta1/projects/clone-d498a 200
[debug] [2021-01-30T06:52:05.968Z] <<< [apiv2][body] GET https://firebase.googleapis.com/v1beta1/projects/clone-d498a {"projectId":"clone-d498a","projectNumber":"447946933947","displayName":"amazon-clone","name":"projects/clone-d498a","resources":{"hostingSite":"clone-d498a","realtimeDatabaseInstance":"clone-d498a-default-rtdb"},"state":"ACTIVE"}
[debug] [2021-01-30T06:52:05.968Z] >>> [apiv2][query] GET https://firebase.googleapis.com/v1beta1/projects/clone-d498a [none]
[debug] [2021-01-30T06:52:06.819Z] <<< [apiv2][status] GET https://firebase.googleapis.com/v1beta1/projects/clone-d498a 200
[debug] [2021-01-30T06:52:06.819Z] <<< [apiv2][body] GET https://firebase.googleapis.com/v1beta1/projects/clone-d498a {"projectId":"clone-d498a","projectNumber":"447946933947","displayName":"amazon-clone","name":"projects/clone-d498a","resources":{"hostingSite":"clone-d498a","realtimeDatabaseInstance":"clone-d498a-default-rtdb"},"state":"ACTIVE"}
[info] 
[info] === Deploying to 'clone-d498a'...
[info] 
[info] i  deploying database, hosting 
[info] i  database: checking rules syntax... 
[debug] [2021-01-30T06:52:06.830Z] > refreshing access token with scopes: ["email","https://www.googleapis.com/auth/cloud-platform","https://www.googleapis.com/auth/cloudplatformprojects.readonly","https://www.googleapis.com/auth/firebase","openid"]
[debug] [2021-01-30T06:52:06.830Z] >>> HTTP REQUEST POST https://www.googleapis.com/oauth2/v3/token  
 <request body omitted>
[debug] [2021-01-30T06:52:07.438Z] <<< HTTP RESPONSE 200 {"cache-control":"no-cache, no-store, max-age=0, must-revalidate","date":"Sat, 30 Jan 2021 06:52:06 GMT","expires":"Mon, 01 Jan 1990 00:00:00 GMT","pragma":"no-cache","content-type":"application/json; charset=utf-8","vary":"X-Origin, Referer, Origin,Accept-Encoding","server":"scaffolding on HTTPServer2","x-xss-protection":"0","x-frame-options":"SAMEORIGIN","x-content-type-options":"nosniff","alt-svc":"h3-29=\":443\"; ma=2592000,h3-T051=\":443\"; ma=2592000,h3-Q050=\":443\"; ma=2592000,h3-Q046=\":443\"; ma=2592000,h3-Q043=\":443\"; ma=2592000,quic=\":443\"; ma=2592000; v=\"46,43\"","accept-ranges":"none","transfer-encoding":"chunked"}
[debug] [2021-01-30T06:52:07.472Z] >>> HTTP REQUEST GET https://firebasedatabase.googleapis.com/v1beta/projects/clone-d498a/locations/-/instances/clone-d498a-default-rtdb  
 
[debug] [2021-01-30T06:52:08.842Z] <<< HTTP RESPONSE 200 {"content-type":"application/json; charset=UTF-8","vary":"X-Origin, Referer, Origin,Accept-Encoding","date":"Sat, 30 Jan 2021 06:52:07 GMT","server":"ESF","cache-control":"private","x-xss-protection":"0","x-frame-options":"SAMEORIGIN","x-content-type-options":"nosniff","alt-svc":"h3-29=\":443\"; ma=2592000,h3-T051=\":443\"; ma=2592000,h3-Q050=\":443\"; ma=2592000,h3-Q046=\":443\"; ma=2592000,h3-Q043=\":443\"; ma=2592000,quic=\":443\"; ma=2592000; v=\"46,43\"","accept-ranges":"none","transfer-encoding":"chunked"}
[debug] [2021-01-30T06:52:08.845Z] >>> HTTP REQUEST PUT https://clone-d498a-default-rtdb.europe-west1.firebasedatabase.app/.settings/rules.json?dryRun=true  
 {
  /* Visit https://firebase.google.com/docs/database/security to learn more about security rules. */
  "rules": {
    ".read": false,
    ".write": false
  }
}
[debug] [2021-01-30T06:52:11.364Z] <<< HTTP RESPONSE 200 {"server":"nginx","date":"Sat, 30 Jan 2021 06:52:10 GMT","content-type":"application/json; charset=utf-8","content-length":"15","connection":"keep-alive","access-control-allow-origin":"*","cache-control":"no-cache","strict-transport-security":"max-age=31556926; includeSubDomains; preload"}
[info] ✔  database: rules syntax for database clone-d498a-default-rtdb is valid 
[debug] [2021-01-30T06:52:11.370Z] >>> HTTP REQUEST POST https://firebasehosting.googleapis.com/v1beta1/sites/clone-d498a/versions  
 {"config":{"rewrites":[{"glob":"**","path":"/index.html"}]},"labels":{"deployment-tool":"cli-firebase"}}
[debug] [2021-01-30T06:52:14.030Z] <<< HTTP RESPONSE 200 {"content-type":"application/json; charset=UTF-8","vary":"X-Origin, Referer, Origin,Accept-Encoding","date":"Sat, 30 Jan 2021 06:52:12 GMT","server":"ESF","cache-control":"private","x-xss-protection":"0","x-frame-options":"SAMEORIGIN","x-content-type-options":"nosniff","alt-svc":"h3-29=\":443\"; ma=2592000,h3-T051=\":443\"; ma=2592000,h3-Q050=\":443\"; ma=2592000,h3-Q046=\":443\"; ma=2592000,h3-Q043=\":443\"; ma=2592000,quic=\":443\"; ma=2592000; v=\"46,43\"","accept-ranges":"none","transfer-encoding":"chunked"}
[info] i  hosting[clone-d498a]: beginning deploy... 
[info] i  hosting[clone-d498a]: found 23 files in build 
[debug] [2021-01-30T06:52:14.581Z] > refreshing access token with scopes: []
[debug] [2021-01-30T06:52:14.582Z] >>> HTTP REQUEST POST https://www.googleapis.com/oauth2/v3/token  
 <request body omitted>
[debug] [2021-01-30T06:52:14.584Z] [hosting] hash cache [YnVpbGQ] stored for 23 files
[debug] [2021-01-30T06:52:14.584Z] [hosting][hash queue][FINAL] {"max":521,"min":15,"avg":43.391304347826086,"active":0,"complete":23,"success":23,"errored":0,"retried":0,"total":23,"elapsed":528}
[debug] [2021-01-30T06:52:15.163Z] <<< HTTP RESPONSE 200 {"expires":"Mon, 01 Jan 1990 00:00:00 GMT","pragma":"no-cache","cache-control":"no-cache, no-store, max-age=0, must-revalidate","date":"Sat, 30 Jan 2021 06:52:14 GMT","content-type":"application/json; charset=utf-8","vary":"X-Origin, Referer, Origin,Accept-Encoding","server":"scaffolding on HTTPServer2","x-xss-protection":"0","x-frame-options":"SAMEORIGIN","x-content-type-options":"nosniff","alt-svc":"h3-29=\":443\"; ma=2592000,h3-T051=\":443\"; ma=2592000,h3-Q050=\":443\"; ma=2592000,h3-Q046=\":443\"; ma=2592000,h3-Q043=\":443\"; ma=2592000,quic=\":443\"; ma=2592000; v=\"46,43\"","accept-ranges":"none","transfer-encoding":"chunked"}
[debug] [2021-01-30T06:52:15.177Z] >>> [apiv2][query] POST https://firebasehosting.googleapis.com/v1beta1/sites/clone-d498a/versions/6adfce8da19507e0:populateFiles [none]
[debug] [2021-01-30T06:52:15.177Z] >>> [apiv2][body] POST https://firebasehosting.googleapis.com/v1beta1/sites/clone-d498a/versions/6adfce8da19507e0:populateFiles {"files":{"/asset-manifest.json":"12c429dad9e24d14c4be604253106b0375de44658f48de598dd68cba949a7e82","/manifest.json":"0958a5e0c831126100c8c2d06a6bbaa665a3900f21aaff4130238a6f5a113aa1","/favicon.ico":"c599b7a91ab3627e3538125d9f40adc2d4bf949046984262670545dc7738af06","/robots.txt":"2544ca049f223a42bff01f72ad930a5edba75bbb7199d0f8430a02ff5aca16ec","/index.html":"7af863646e9ffab7901cb2adf3260b2c2dc19b1aff390f84209a710ab367b9a9","/static/css/main.d03dbb95.chunk.css":"e9a78534105823b17db0fc5490cd7cf93d37064399c1b30e509d00396d96c16e","/static/css/main.d03dbb95.chunk.css.map":"2a1ee0da95a41109e64c33a8e698c6bc9f7e5eefa979a39f05b722c9934cc323","/static/js/2.5bdc77fd.chunk.js.LICENSE.txt":"7a959110d0722bc63bd89549f6ca75d9ba9868e8f36236dae6e021d3c0cad6f8","/static/js/3.56fb9153.chunk.js":"2f7478c26c735eb494aeaa91630a3f7e208190b427f21e8d0dbd6f0f12f04ee1","/static/js/main.51695809.chunk.js":"90eb93663d2c42921a777f0d44692f4c4154d2cd4dda717abab42240b4330593","/static/js/3.56fb9153.chunk.js.map":"8ac1c6efb6b998c8ba7b17fd2c630ff3fc4f8e471e736309084769ae7e60d9f2","/static/js/runtime-main.537641ba.js":"45591d8f2a20d8b693e039c717a7feaef8b67b2020aef8e9a4411f292360c12e","/static/js/main.51695809.chunk.js.map":"131f447ecbe35d663e6a00a6af3f874d44dbc0d8594cf101f060a34d9714a9c7","/static/js/runtime-main.537641ba.js.map":"ecbc6170f1725ec9dcc52fc9a51efceee59311ad9d593980444031fd45aa8582","/static/media/amazon_PNG25.79a1dd45.png":"82d3b9870f98afda99a8b7b3448a5f69e58d454e1ea6d4004551eef9757cc8f7","/static/media/google.398965a1.png":"7930732fff198f6e022c4c536db5fd5b87bbc53031c7d5236eb0ec333156bd25","/static/media/checkout_banner.c8a8fb9a.jpg":"b328db58b4fd7ca6cae4994d43bd7284399b935ec7f9d5b5c51e5a0d6ad13ab5","/static/css/2.150d169a.chunk.css":"2474cbedbeedbbb374382af5fe063d18835e6ca47c6f1c6413c29f29dc76e0af","/static/media/Amazon logo.19e5df3e.png":"d03f27b5ba3120f90b824b6496dee0a9870a34cc07f22bf2f7492c0cc3c69260","/static/media/amazon_banner_1.50830ad5.jpg":"167e534e30b880ebe99294acfc00c3014b313c787982b2275c390ef39ec9d54c","/static/css/2.150d169a.chunk.css.map":"cb5602881216f397c8e7061f1610932ff18494f4e92abe750d53673881c72ebe","/static/js/2.5bdc77fd.chunk.js":"f322fb0a48bdba985e60796a8e97a940b90231865104de4a7cb652b37101c554","/static/js/2.5bdc77fd.chunk.js.map":"c2ed2d617102e9a0eef573dd33a674a1802272d6d99677e6984755d59ebcd5a4"}}
[debug] [2021-01-30T06:52:17.227Z] <<< [apiv2][status] POST https://firebasehosting.googleapis.com/v1beta1/sites/clone-d498a/versions/6adfce8da19507e0:populateFiles 200
[debug] [2021-01-30T06:52:17.227Z] <<< [apiv2][body] POST https://firebasehosting.googleapis.com/v1beta1/sites/clone-d498a/versions/6adfce8da19507e0:populateFiles {"uploadRequiredHashes":["7af863646e9ffab7901cb2adf3260b2c2dc19b1aff390f84209a710ab367b9a9","7a959110d0722bc63bd89549f6ca75d9ba9868e8f36236dae6e021d3c0cad6f8","90eb93663d2c42921a777f0d44692f4c4154d2cd4dda717abab42240b4330593","12c429dad9e24d14c4be604253106b0375de44658f48de598dd68cba949a7e82","2f7478c26c735eb494aeaa91630a3f7e208190b427f21e8d0dbd6f0f12f04ee1","45591d8f2a20d8b693e039c717a7feaef8b67b2020aef8e9a4411f292360c12e","ecbc6170f1725ec9dcc52fc9a51efceee59311ad9d593980444031fd45aa8582","c2ed2d617102e9a0eef573dd33a674a1802272d6d99677e6984755d59ebcd5a4","8ac1c6efb6b998c8ba7b17fd2c630ff3fc4f8e471e736309084769ae7e60d9f2","e9a78534105823b17db0fc5490cd7cf93d37064399c1b30e509d00396d96c16e","2a1ee0da95a41109e64c33a8e698c6bc9f7e5eefa979a39f05b722c9934cc323","2474cbedbeedbbb374382af5fe063d18835e6ca47c6f1c6413c29f29dc76e0af","f322fb0a48bdba985e60796a8e97a940b90231865104de4a7cb652b37101c554","cb5602881216f397c8e7061f1610932ff18494f4e92abe750d53673881c72ebe","131f447ecbe35d663e6a00a6af3f874d44dbc0d8594cf101f060a34d9714a9c7"],"uploadUrl":"https://upload-firebasehosting.googleapis.com/upload/sites/clone-d498a/versions/6adfce8da19507e0/files"}
[debug] [2021-01-30T06:52:17.229Z] >>> [apiv2][query] POST https://upload-firebasehosting.googleapis.com/upload/sites/clone-d498a/versions/6adfce8da19507e0/files/7af863646e9ffab7901cb2adf3260b2c2dc19b1aff390f84209a710ab367b9a9 [none]
[debug] [2021-01-30T06:52:17.229Z] >>> [apiv2][body] POST https://upload-firebasehosting.googleapis.com/upload/sites/clone-d498a/versions/6adfce8da19507e0/files/7af863646e9ffab7901cb2adf3260b2c2dc19b1aff390f84209a710ab367b9a9 [stream]
[debug] [2021-01-30T06:52:17.230Z] >>> [apiv2][query] POST https://upload-firebasehosting.googleapis.com/upload/sites/clone-d498a/versions/6adfce8da19507e0/files/7a959110d0722bc63bd89549f6ca75d9ba9868e8f36236dae6e021d3c0cad6f8 [none]
[debug] [2021-01-30T06:52:17.231Z] >>> [apiv2][body] POST https://upload-firebasehosting.googleapis.com/upload/sites/clone-d498a/versions/6adfce8da19507e0/files/7a959110d0722bc63bd89549f6ca75d9ba9868e8f36236dae6e021d3c0cad6f8 [stream]
[debug] [2021-01-30T06:52:17.231Z] >>> [apiv2][query] POST https://upload-firebasehosting.googleapis.com/upload/sites/clone-d498a/versions/6adfce8da19507e0/files/90eb93663d2c42921a777f0d44692f4c4154d2cd4dda717abab42240b4330593 [none]
[debug] [2021-01-30T06:52:17.232Z] >>> [apiv2][body] POST https://upload-firebasehosting.googleapis.com/upload/sites/clone-d498a/versions/6adfce8da19507e0/files/90eb93663d2c42921a777f0d44692f4c4154d2cd4dda717abab42240b4330593 [stream]
[debug] [2021-01-30T06:52:17.232Z] >>> [apiv2][query] POST https://upload-firebasehosting.googleapis.com/upload/sites/clone-d498a/versions/6adfce8da19507e0/files/12c429dad9e24d14c4be604253106b0375de44658f48de598dd68cba949a7e82 [none]
[debug] [2021-01-30T06:52:17.232Z] >>> [apiv2][body] POST https://upload-firebasehosting.googleapis.com/upload/sites/clone-d498a/versions/6adfce8da19507e0/files/12c429dad9e24d14c4be604253106b0375de44658f48de598dd68cba949a7e82 [stream]
[debug] [2021-01-30T06:52:17.233Z] >>> [apiv2][query] POST https://upload-firebasehosting.googleapis.com/upload/sites/clone-d498a/versions/6adfce8da19507e0/files/2f7478c26c735eb494aeaa91630a3f7e208190b427f21e8d0dbd6f0f12f04ee1 [none]
[debug] [2021-01-30T06:52:17.233Z] >>> [apiv2][body] POST https://upload-firebasehosting.googleapis.com/upload/sites/clone-d498a/versions/6adfce8da19507e0/files/2f7478c26c735eb494aeaa91630a3f7e208190b427f21e8d0dbd6f0f12f04ee1 [stream]
[debug] [2021-01-30T06:52:17.234Z] >>> [apiv2][query] POST https://upload-firebasehosting.googleapis.com/upload/sites/clone-d498a/versions/6adfce8da19507e0/files/45591d8f2a20d8b693e039c717a7feaef8b67b2020aef8e9a4411f292360c12e [none]
[debug] [2021-01-30T06:52:17.234Z] >>> [apiv2][body] POST https://upload-firebasehosting.googleapis.com/upload/sites/clone-d498a/versions/6adfce8da19507e0/files/45591d8f2a20d8b693e039c717a7feaef8b67b2020aef8e9a4411f292360c12e [stream]
[debug] [2021-01-30T06:52:17.234Z] >>> [apiv2][query] POST https://upload-firebasehosting.googleapis.com/upload/sites/clone-d498a/versions/6adfce8da19507e0/files/ecbc6170f1725ec9dcc52fc9a51efceee59311ad9d593980444031fd45aa8582 [none]
[debug] [2021-01-30T06:52:17.234Z] >>> [apiv2][body] POST https://upload-firebasehosting.googleapis.com/upload/sites/clone-d498a/versions/6adfce8da19507e0/files/ecbc6170f1725ec9dcc52fc9a51efceee59311ad9d593980444031fd45aa8582 [stream]
[debug] [2021-01-30T06:52:17.235Z] >>> [apiv2][query] POST https://upload-firebasehosting.googleapis.com/upload/sites/clone-d498a/versions/6adfce8da19507e0/files/c2ed2d617102e9a0eef573dd33a674a1802272d6d99677e6984755d59ebcd5a4 [none]
[debug] [2021-01-30T06:52:17.235Z] >>> [apiv2][body] POST https://upload-firebasehosting.googleapis.com/upload/sites/clone-d498a/versions/6adfce8da19507e0/files/c2ed2d617102e9a0eef573dd33a674a1802272d6d99677e6984755d59ebcd5a4 [stream]
[debug] [2021-01-30T06:52:17.236Z] >>> [apiv2][query] POST https://upload-firebasehosting.googleapis.com/upload/sites/clone-d498a/versions/6adfce8da19507e0/files/8ac1c6efb6b998c8ba7b17fd2c630ff3fc4f8e471e736309084769ae7e60d9f2 [none]
[debug] [2021-01-30T06:52:17.236Z] >>> [apiv2][body] POST https://upload-firebasehosting.googleapis.com/upload/sites/clone-d498a/versions/6adfce8da19507e0/files/8ac1c6efb6b998c8ba7b17fd2c630ff3fc4f8e471e736309084769ae7e60d9f2 [stream]
[debug] [2021-01-30T06:52:17.237Z] >>> [apiv2][query] POST https://upload-firebasehosting.googleapis.com/upload/sites/clone-d498a/versions/6adfce8da19507e0/files/e9a78534105823b17db0fc5490cd7cf93d37064399c1b30e509d00396d96c16e [none]
[debug] [2021-01-30T06:52:17.237Z] >>> [apiv2][body] POST https://upload-firebasehosting.googleapis.com/upload/sites/clone-d498a/versions/6adfce8da19507e0/files/e9a78534105823b17db0fc5490cd7cf93d37064399c1b30e509d00396d96c16e [stream]
[debug] [2021-01-30T06:52:17.238Z] >>> [apiv2][query] POST https://upload-firebasehosting.googleapis.com/upload/sites/clone-d498a/versions/6adfce8da19507e0/files/2a1ee0da95a41109e64c33a8e698c6bc9f7e5eefa979a39f05b722c9934cc323 [none]
[debug] [2021-01-30T06:52:17.238Z] >>> [apiv2][body] POST https://upload-firebasehosting.googleapis.com/upload/sites/clone-d498a/versions/6adfce8da19507e0/files/2a1ee0da95a41109e64c33a8e698c6bc9f7e5eefa979a39f05b722c9934cc323 [stream]
[debug] [2021-01-30T06:52:17.238Z] >>> [apiv2][query] POST https://upload-firebasehosting.googleapis.com/upload/sites/clone-d498a/versions/6adfce8da19507e0/files/2474cbedbeedbbb374382af5fe063d18835e6ca47c6f1c6413c29f29dc76e0af [none]
[debug] [2021-01-30T06:52:17.238Z] >>> [apiv2][body] POST https://upload-firebasehosting.googleapis.com/upload/sites/clone-d498a/versions/6adfce8da19507e0/files/2474cbedbeedbbb374382af5fe063d18835e6ca47c6f1c6413c29f29dc76e0af [stream]
[debug] [2021-01-30T06:52:17.241Z] >>> [apiv2][query] POST https://upload-firebasehosting.googleapis.com/upload/sites/clone-d498a/versions/6adfce8da19507e0/files/f322fb0a48bdba985e60796a8e97a940b90231865104de4a7cb652b37101c554 [none]
[debug] [2021-01-30T06:52:17.241Z] >>> [apiv2][body] POST https://upload-firebasehosting.googleapis.com/upload/sites/clone-d498a/versions/6adfce8da19507e0/files/f322fb0a48bdba985e60796a8e97a940b90231865104de4a7cb652b37101c554 [stream]
[debug] [2021-01-30T06:52:17.243Z] >>> [apiv2][query] POST https://upload-firebasehosting.googleapis.com/upload/sites/clone-d498a/versions/6adfce8da19507e0/files/cb5602881216f397c8e7061f1610932ff18494f4e92abe750d53673881c72ebe [none]
[debug] [2021-01-30T06:52:17.243Z] >>> [apiv2][body] POST https://upload-firebasehosting.googleapis.com/upload/sites/clone-d498a/versions/6adfce8da19507e0/files/cb5602881216f397c8e7061f1610932ff18494f4e92abe750d53673881c72ebe [stream]
[debug] [2021-01-30T06:52:17.244Z] >>> [apiv2][query] POST https://upload-firebasehosting.googleapis.com/upload/sites/clone-d498a/versions/6adfce8da19507e0/files/131f447ecbe35d663e6a00a6af3f874d44dbc0d8594cf101f060a34d9714a9c7 [none]
[debug] [2021-01-30T06:52:17.244Z] >>> [apiv2][body] POST https://upload-firebasehosting.googleapis.com/upload/sites/clone-d498a/versions/6adfce8da19507e0/files/131f447ecbe35d663e6a00a6af3f874d44dbc0d8594cf101f060a34d9714a9c7 [stream]
[debug] [2021-01-30T06:52:17.245Z] [hosting][populate queue][FINAL] {"max":2649,"min":2649,"avg":2649,"active":0,"complete":1,"success":1,"errored":0,"retried":0,"total":1,"elapsed":2665}
[debug] [2021-01-30T06:52:17.245Z] [hosting] uploads queued: 15
[debug] [2021-01-30T06:52:21.205Z] <<< [apiv2][status] POST https://upload-firebasehosting.googleapis.com/upload/sites/clone-d498a/versions/6adfce8da19507e0/files/7af863646e9ffab7901cb2adf3260b2c2dc19b1aff390f84209a710ab367b9a9 200
[debug] [2021-01-30T06:52:21.206Z] <<< [apiv2][body] POST https://upload-firebasehosting.googleapis.com/upload/sites/clone-d498a/versions/6adfce8da19507e0/files/7af863646e9ffab7901cb2adf3260b2c2dc19b1aff390f84209a710ab367b9a9 [stream]
[debug] [2021-01-30T06:52:21.680Z] <<< [apiv2][status] POST https://upload-firebasehosting.googleapis.com/upload/sites/clone-d498a/versions/6adfce8da19507e0/files/90eb93663d2c42921a777f0d44692f4c4154d2cd4dda717abab42240b4330593 200
[debug] [2021-01-30T06:52:21.680Z] <<< [apiv2][body] POST https://upload-firebasehosting.googleapis.com/upload/sites/clone-d498a/versions/6adfce8da19507e0/files/90eb93663d2c42921a777f0d44692f4c4154d2cd4dda717abab42240b4330593 [stream]
[debug] [2021-01-30T06:52:22.121Z] <<< [apiv2][status] POST https://upload-firebasehosting.googleapis.com/upload/sites/clone-d498a/versions/6adfce8da19507e0/files/2f7478c26c735eb494aeaa91630a3f7e208190b427f21e8d0dbd6f0f12f04ee1 200
[debug] [2021-01-30T06:52:22.121Z] <<< [apiv2][body] POST https://upload-firebasehosting.googleapis.com/upload/sites/clone-d498a/versions/6adfce8da19507e0/files/2f7478c26c735eb494aeaa91630a3f7e208190b427f21e8d0dbd6f0f12f04ee1 [stream]
[debug] [2021-01-30T06:52:22.973Z] <<< [apiv2][status] POST https://upload-firebasehosting.googleapis.com/upload/sites/clone-d498a/versions/6adfce8da19507e0/files/12c429dad9e24d14c4be604253106b0375de44658f48de598dd68cba949a7e82 200
[debug] [2021-01-30T06:52:22.974Z] <<< [apiv2][body] POST https://upload-firebasehosting.googleapis.com/upload/sites/clone-d498a/versions/6adfce8da19507e0/files/12c429dad9e24d14c4be604253106b0375de44658f48de598dd68cba949a7e82 [stream]
[debug] [2021-01-30T06:52:23.351Z] <<< [apiv2][status] POST https://upload-firebasehosting.googleapis.com/upload/sites/clone-d498a/versions/6adfce8da19507e0/files/e9a78534105823b17db0fc5490cd7cf93d37064399c1b30e509d00396d96c16e 200
[debug] [2021-01-30T06:52:23.351Z] <<< [apiv2][body] POST https://upload-firebasehosting.googleapis.com/upload/sites/clone-d498a/versions/6adfce8da19507e0/files/e9a78534105823b17db0fc5490cd7cf93d37064399c1b30e509d00396d96c16e [stream]
[debug] [2021-01-30T06:52:23.588Z] <<< [apiv2][status] POST https://upload-firebasehosting.googleapis.com/upload/sites/clone-d498a/versions/6adfce8da19507e0/files/45591d8f2a20d8b693e039c717a7feaef8b67b2020aef8e9a4411f292360c12e 200
[debug] [2021-01-30T06:52:23.588Z] <<< [apiv2][body] POST https://upload-firebasehosting.googleapis.com/upload/sites/clone-d498a/versions/6adfce8da19507e0/files/45591d8f2a20d8b693e039c717a7feaef8b67b2020aef8e9a4411f292360c12e [stream]
[debug] [2021-01-30T06:52:24.049Z] <<< [apiv2][status] POST https://upload-firebasehosting.googleapis.com/upload/sites/clone-d498a/versions/6adfce8da19507e0/files/7a959110d0722bc63bd89549f6ca75d9ba9868e8f36236dae6e021d3c0cad6f8 200
[debug] [2021-01-30T06:52:24.049Z] <<< [apiv2][body] POST https://upload-firebasehosting.googleapis.com/upload/sites/clone-d498a/versions/6adfce8da19507e0/files/7a959110d0722bc63bd89549f6ca75d9ba9868e8f36236dae6e021d3c0cad6f8 [stream]
[debug] [2021-01-30T06:52:24.214Z] <<< [apiv2][status] POST https://upload-firebasehosting.googleapis.com/upload/sites/clone-d498a/versions/6adfce8da19507e0/files/ecbc6170f1725ec9dcc52fc9a51efceee59311ad9d593980444031fd45aa8582 200
[debug] [2021-01-30T06:52:24.214Z] <<< [apiv2][body] POST https://upload-firebasehosting.googleapis.com/upload/sites/clone-d498a/versions/6adfce8da19507e0/files/ecbc6170f1725ec9dcc52fc9a51efceee59311ad9d593980444031fd45aa8582 [stream]
[debug] [2021-01-30T06:52:24.925Z] <<< [apiv2][status] POST https://upload-firebasehosting.googleapis.com/upload/sites/clone-d498a/versions/6adfce8da19507e0/files/2a1ee0da95a41109e64c33a8e698c6bc9f7e5eefa979a39f05b722c9934cc323 200
[debug] [2021-01-30T06:52:24.925Z] <<< [apiv2][body] POST https://upload-firebasehosting.googleapis.com/upload/sites/clone-d498a/versions/6adfce8da19507e0/files/2a1ee0da95a41109e64c33a8e698c6bc9f7e5eefa979a39f05b722c9934cc323 [stream]
[debug] [2021-01-30T06:52:24.932Z] <<< [apiv2][status] POST https://upload-firebasehosting.googleapis.com/upload/sites/clone-d498a/versions/6adfce8da19507e0/files/8ac1c6efb6b998c8ba7b17fd2c630ff3fc4f8e471e736309084769ae7e60d9f2 200
[debug] [2021-01-30T06:52:24.932Z] <<< [apiv2][body] POST https://upload-firebasehosting.googleapis.com/upload/sites/clone-d498a/versions/6adfce8da19507e0/files/8ac1c6efb6b998c8ba7b17fd2c630ff3fc4f8e471e736309084769ae7e60d9f2 [stream]
[debug] [2021-01-30T06:52:25.688Z] <<< [apiv2][status] POST https://upload-firebasehosting.googleapis.com/upload/sites/clone-d498a/versions/6adfce8da19507e0/files/131f447ecbe35d663e6a00a6af3f874d44dbc0d8594cf101f060a34d9714a9c7 200
[debug] [2021-01-30T06:52:25.688Z] <<< [apiv2][body] POST https://upload-firebasehosting.googleapis.com/upload/sites/clone-d498a/versions/6adfce8da19507e0/files/131f447ecbe35d663e6a00a6af3f874d44dbc0d8594cf101f060a34d9714a9c7 [stream]
[debug] [2021-01-30T06:52:34.196Z] <<< [apiv2][status] POST https://upload-firebasehosting.googleapis.com/upload/sites/clone-d498a/versions/6adfce8da19507e0/files/2474cbedbeedbbb374382af5fe063d18835e6ca47c6f1c6413c29f29dc76e0af 200
[debug] [2021-01-30T06:52:34.196Z] <<< [apiv2][body] POST https://upload-firebasehosting.googleapis.com/upload/sites/clone-d498a/versions/6adfce8da19507e0/files/2474cbedbeedbbb374382af5fe063d18835e6ca47c6f1c6413c29f29dc76e0af [stream]
